<?xml version="1.0" encoding="UTF-8"?>
<testng-results ignored="0" total="11" passed="11" failed="0" skipped="0">
  <reporter-output>
  </reporter-output>
  <suite started-at="2026-03-20T12:29:59 IST" name="TestSuite" finished-at="2026-03-20T12:30:11 IST" duration-ms="12444">
    <groups>
    </groups>
    <test started-at="2026-03-20T12:29:59 IST" name="DummyJsonTests" finished-at="2026-03-20T12:30:11 IST" duration-ms="12444">
      <class name="apiTest.DummyJsonProduct">
        <test-method is-config="true" signature="setup()[pri:0, instance:apiTest.DummyJsonProduct@74235045]" started-at="2026-03-20T12:29:59 IST" name="setup" finished-at="2026-03-20T12:29:59 IST" duration-ms="397" status="PASS">
          <reporter-output>
          </reporter-output>
        </test-method> <!-- setup -->
        <test-method signature="getAllProducts()[pri:1, instance:apiTest.DummyJsonProduct@74235045]" started-at="2026-03-20T12:29:59 IST" name="getAllProducts" finished-at="2026-03-20T12:30:02 IST" duration-ms="2942" status="PASS">
          <reporter-output>
          </reporter-output>
        </test-method> <!-- getAllProducts -->
        <test-method signature="getSingleProducts()[pri:2, instance:apiTest.DummyJsonProduct@74235045]" started-at="2026-03-20T12:30:02 IST" name="getSingleProducts" finished-at="2026-03-20T12:30:03 IST" duration-ms="972" status="PASS">
          <reporter-output>
          </reporter-output>
        </test-method> <!-- getSingleProducts -->
        <test-method signature="getSearchProducts()[pri:3, instance:apiTest.DummyJsonProduct@74235045]" started-at="2026-03-20T12:30:03 IST" name="getSearchProducts" finished-at="2026-03-20T12:30:04 IST" duration-ms="933" status="PASS">
          <reporter-output>
          </reporter-output>
        </test-method> <!-- getSearchProducts -->
        <test-method signature="skipProducts()[pri:4, instance:apiTest.DummyJsonProduct@74235045]" started-at="2026-03-20T12:30:04 IST" name="skipProducts" finished-at="2026-03-20T12:30:05 IST" duration-ms="919" status="PASS">
          <reporter-output>
          </reporter-output>
        </test-method> <!-- skipProducts -->
        <test-method signature="getSortProduct()[pri:5, instance:apiTest.DummyJsonProduct@74235045]" started-at="2026-03-20T12:30:05 IST" name="getSortProduct" finished-at="2026-03-20T12:30:06 IST" duration-ms="970" status="PASS">
          <reporter-output>
          </reporter-output>
        </test-method> <!-- getSortProduct -->
        <test-method signature="getProductCategories()[pri:6, instance:apiTest.DummyJsonProduct@74235045]" started-at="2026-03-20T12:30:06 IST" name="getProductCategories" finished-at="2026-03-20T12:30:06 IST" duration-ms="759" status="PASS">
          <reporter-output>
          </reporter-output>
        </test-method> <!-- getProductCategories -->
        <test-method signature="getProductCategoriesList()[pri:7, instance:apiTest.DummyJsonProduct@74235045]" started-at="2026-03-20T12:30:06 IST" name="getProductCategoriesList" finished-at="2026-03-20T12:30:07 IST" duration-ms="845" status="PASS">
          <reporter-output>
          </reporter-output>
        </test-method> <!-- getProductCategoriesList -->
        <test-method signature="getProductCategoriesSmartphone()[pri:8, instance:apiTest.DummyJsonProduct@74235045]" started-at="2026-03-20T12:30:07 IST" name="getProductCategoriesSmartphone" finished-at="2026-03-20T12:30:08 IST" duration-ms="955" status="PASS">
          <reporter-output>
          </reporter-output>
        </test-method> <!-- getProductCategoriesSmartphone -->
        <test-method signature="getCreateProduct()[pri:9, instance:apiTest.DummyJsonProduct@74235045]" started-at="2026-03-20T12:30:08 IST" name="getCreateProduct" finished-at="2026-03-20T12:30:09 IST" duration-ms="960" status="PASS">
          <reporter-output>
          </reporter-output>
        </test-method> <!-- getCreateProduct -->
        <test-method signature="getUpdateProduct()[pri:10, instance:apiTest.DummyJsonProduct@74235045]" started-at="2026-03-20T12:30:09 IST" name="getUpdateProduct" finished-at="2026-03-20T12:30:10 IST" duration-ms="820" status="PASS">
          <reporter-output>
          </reporter-output>
        </test-method> <!-- getUpdateProduct -->
        <test-method signature="getDeleteProduct()[pri:11, instance:apiTest.DummyJsonProduct@74235045]" started-at="2026-03-20T12:30:10 IST" name="getDeleteProduct" finished-at="2026-03-20T12:30:11 IST" duration-ms="919" status="PASS">
          <reporter-output>
          </reporter-output>
        </test-method> <!-- getDeleteProduct -->
      </class> <!-- apiTest.DummyJsonProduct -->
    </test> <!-- DummyJsonTests -->
  </suite> <!-- TestSuite -->
</testng-results>
