<?xml version="1.0" encoding="UTF-8"?>
<!-- Generated by org.testng.reporters.JUnitReportReporter -->
<testsuite hostname="SWT-LTOP-612" failures="0" tests="11" name="apiTest.DummyJsonProduct" time="11.994" errors="0" timestamp="2026-03-20T12:30:11 IST" skipped="0">
  <testcase classname="apiTest.DummyJsonProduct" name="getAllProducts" time="2.942"/>
  <testcase classname="apiTest.DummyJsonProduct" name="getSingleProducts" time="0.972"/>
  <testcase classname="apiTest.DummyJsonProduct" name="getSearchProducts" time="0.933"/>
  <testcase classname="apiTest.DummyJsonProduct" name="skipProducts" time="0.919"/>
  <testcase classname="apiTest.DummyJsonProduct" name="getSortProduct" time="0.970"/>
  <testcase classname="apiTest.DummyJsonProduct" name="getProductCategories" time="0.759"/>
  <testcase classname="apiTest.DummyJsonProduct" name="getProductCategoriesList" time="0.845"/>
  <testcase classname="apiTest.DummyJsonProduct" name="getProductCategoriesSmartphone" time="0.955"/>
  <testcase classname="apiTest.DummyJsonProduct" name="getCreateProduct" time="0.960"/>
  <testcase classname="apiTest.DummyJsonProduct" name="getUpdateProduct" time="0.820"/>
  <testcase classname="apiTest.DummyJsonProduct" name="getDeleteProduct" time="0.919"/>
</testsuite> <!-- apiTest.DummyJsonProduct -->
