<?xml version="1.0" encoding="UTF-8"?>
<!-- Generated by org.testng.reporters.JUnitReportReporter -->
<testsuite hostname="SWT-LTOP-612" failures="0" tests="3" name="apiTest.DummyJsonAuth" time="3.060" errors="0" timestamp="2026-03-19T13:28:35 IST" skipped="0">
  <testcase classname="apiTest.DummyJsonAuth" name="loginAuth" time="1.069"/>
  <testcase classname="apiTest.DummyJsonAuth" name="getCurrentUser" time="1.073"/>
  <testcase classname="apiTest.DummyJsonAuth" name="getRefreshToken" time="0.918"/>
</testsuite> <!-- apiTest.DummyJsonAuth -->
