<?xml version="1.0" encoding="UTF-8"?>
<!-- Generated by org.testng.reporters.JUnitReportReporter -->
<testsuite hostname="SWT-LTOP-612" failures="0" tests="8" name="apiTest.DummyJsonCarts" time="14.591" errors="0" timestamp="2026-03-19T13:28:35 IST" skipped="2">
  <testcase classname="apiTest.DummyJsonCarts" name="getAllCartsTest" time="2.847"/>
  <testcase classname="apiTest.DummyJsonCarts" name="getAllCartsTest" time="4.849">
    <skipped/>
  </testcase> <!-- getAllCartsTest -->
  <testcase classname="apiTest.DummyJsonCarts" name="getCartByIdTest" time="1.084"/>
  <testcase classname="apiTest.DummyJsonCarts" name="addCartTest" time="1.098"/>
  <testcase classname="apiTest.DummyJsonCarts" name="addCartTest" time="2.063">
    <skipped/>
  </testcase> <!-- addCartTest -->
  <testcase classname="apiTest.DummyJsonCarts" name="updateCartTest" time="0.932"/>
  <testcase classname="apiTest.DummyJsonCarts" name="deleteCartTest" time="0.805"/>
  <testcase classname="apiTest.DummyJsonCarts" name="getCartByUserTest" time="0.913"/>
</testsuite> <!-- apiTest.DummyJsonCarts -->
