<?xml version="1.0" encoding="UTF-8"?>
<!-- Generated by org.testng.reporters.JUnitReportReporter -->
<testsuite hostname="SWT-LTOP-612" failures="0" tests="5" name="apiTest.DummyJsonCarts" time="9.489" errors="0" timestamp="2026-03-19T09:58:15 IST" skipped="0">
  <testcase classname="apiTest.DummyJsonCarts" name="deleteCartTest" time="1.821"/>
  <testcase classname="apiTest.DummyJsonCarts" name="getCartByIdTest" time="1.821"/>
  <testcase classname="apiTest.DummyJsonCarts" name="addCartTest" time="1.821"/>
  <testcase classname="apiTest.DummyJsonCarts" name="getAllCartsTest" time="2.205"/>
  <testcase classname="apiTest.DummyJsonCarts" name="updateCartTest" time="1.821"/>
</testsuite> <!-- apiTest.DummyJsonCarts -->
